
Showing logs for build [32mmeta-seldonio-jenkins-x-seldon-lm5bw-1[0m stage [32mmeta-pipeline[0m and container [32mstep-credential-initializer-4mzlm[0m
{"level":"info","ts":1594035443.5281343,"logger":"fallback-logger","caller":"logging/config.go:69","msg":"Fetch GitHub commit ID from kodata failed: open /var/run/ko/refs/heads/0.8.0-ns-support: no such file or directory"}
{"level":"info","ts":1594035443.5285482,"logger":"fallback-logger","caller":"creds-init/main.go:40","msg":"Credentials initialized."}

Showing logs for build [32mmeta-seldonio-jenkins-x-seldon-lm5bw-1[0m stage [32mmeta-pipeline[0m and container [32mstep-working-dir-initializer-698bj[0m
{"level":"info","ts":1594035444.4050639,"logger":"fallback-logger","caller":"logging/config.go:69","msg":"Fetch GitHub commit ID from kodata failed: open /var/run/ko/HEAD: no such file or directory"}
{"level":"info","ts":1594035444.4067264,"logger":"fallback-logger","caller":"bash/main.go:64","msg":"Successfully executed command \"sh -c mkdir -p /workspace/source\"; output "}

Showing logs for build [32mmeta-seldonio-jenkins-x-seldon-lm5bw-1[0m stage [32mmeta-pipeline[0m and container [32mstep-place-tools[0m

Showing logs for build [32mmeta-seldonio-jenkins-x-seldon-lm5bw-1[0m stage [32mmeta-pipeline[0m and container [32mstep-git-source-meta-seldonio-jenkins-x-seldon-lm5bw-zxbtp[0m
{"level":"info","ts":1594035541.9134405,"logger":"fallback-logger","caller":"logging/config.go:69","msg":"Fetch GitHub commit ID from kodata failed: open /var/run/ko/refs/heads/0.8.0-ns-support: no such file or directory"}
{"level":"info","ts":1594035547.3840663,"logger":"fallback-logger","caller":"git/git.go:103","msg":"Successfully cloned https://github.com/SeldonIO/jenkins-x-seldon-core-sandbox.git @ e572c989eda82d096edcee67bf97b73253734291 in path /workspace/source"}

Showing logs for build [32mmeta-seldonio-jenkins-x-seldon-lm5bw-1[0m stage [32mmeta-pipeline[0m and container [32mstep-setup-builder-home[0m

Showing logs for build [32mmeta-seldonio-jenkins-x-seldon-lm5bw-1[0m stage [32mmeta-pipeline[0m and container [32mstep-git-merge[0m
Using SHAs from PULL_REFS=master:e572c989eda82d096edcee67bf97b73253734291,28:077f13198adcad59269ded2151cca3e4a9e239c6
DEBUG: LC_ALL=C JX_LOG_LEVEL=error git fetch origin --unshallow 077f13198adcad59269ded2151cca3e4a9e239c6: e572c989eda82d096edcee67bf97b73253734291:
DEBUG: ran git fetch --unshallow origin 077f13198adcad59269ded2151cca3e4a9e239c6: e572c989eda82d096edcee67bf97b73253734291: in 
DEBUG: LC_ALL=C JX_LOG_LEVEL=error git branch
DEBUG: JX_LOG_LEVEL=error LC_ALL=C git checkout master
DEBUG: ran git checkout master in 
DEBUG: LC_ALL=C JX_LOG_LEVEL=error git reset --hard e572c989eda82d096edcee67bf97b73253734291
DEBUG: ran git reset --hard e572c989eda82d096edcee67bf97b73253734291 in 
DEBUG: JX_LOG_LEVEL=error LC_ALL=C git clean -fd .
DEBUG: ran clean --force -d . in 
DEBUG: LC_ALL=C JX_LOG_LEVEL=error git merge 077f13198adcad59269ded2151cca3e4a9e239c6
DEBUG: ran git merge 077f13198adcad59269ded2151cca3e4a9e239c6 in 
DEBUG: LC_ALL=C JX_LOG_LEVEL=error git log --format=%H%x1f%an%x1f%ae%x1f%cn%x1f%ce%x1f%s%n%b%x1e e572c989eda82d096edcee67bf97b73253734291..HEAD
Merged SHA 47463b48ad5b292e6d7d7975f3af1f8c71bd2234 with commit message 'Merge commit '077f13198adcad59269ded2151cca3e4a9e239c6'' into base branch master
Merged SHA 077f13198adcad59269ded2151cca3e4a9e239c6 with commit message 'testing changes' into base branch master

Showing logs for build [32mmeta-seldonio-jenkins-x-seldon-lm5bw-1[0m stage [32mmeta-pipeline[0m and container [32mstep-merge-pull-refs[0m
DEBUG: JX_LOG_LEVEL=error LC_ALL=C git fetch origin --unshallow 077f13198adcad59269ded2151cca3e4a9e239c6: e572c989eda82d096edcee67bf97b73253734291:
DEBUG: LC_ALL=C JX_LOG_LEVEL=error git fetch origin 077f13198adcad59269ded2151cca3e4a9e239c6: e572c989eda82d096edcee67bf97b73253734291:
DEBUG: ran git fetch origin 077f13198adcad59269ded2151cca3e4a9e239c6: e572c989eda82d096edcee67bf97b73253734291: in 
DEBUG: LC_ALL=C JX_LOG_LEVEL=error git rev-parse --is-shallow-repository
DEBUG: Unshallowed git repo in 
DEBUG: LC_ALL=C JX_LOG_LEVEL=error git branch
DEBUG: LC_ALL=C JX_LOG_LEVEL=error git checkout master
DEBUG: ran git checkout master in 
DEBUG: LC_ALL=C JX_LOG_LEVEL=error git reset --hard e572c989eda82d096edcee67bf97b73253734291
DEBUG: ran git reset --hard e572c989eda82d096edcee67bf97b73253734291 in 
DEBUG: LC_ALL=C JX_LOG_LEVEL=error git clean -fd .
DEBUG: ran clean --force -d . in 
DEBUG: LC_ALL=C JX_LOG_LEVEL=error git merge 077f13198adcad59269ded2151cca3e4a9e239c6
DEBUG: ran git merge 077f13198adcad59269ded2151cca3e4a9e239c6 in 
DEBUG: LC_ALL=C JX_LOG_LEVEL=error git log --format=%H%x1f%an%x1f%ae%x1f%cn%x1f%ce%x1f%s%n%b%x1e e572c989eda82d096edcee67bf97b73253734291..HEAD
Merged SHA 26b20580d6499fe1c550fb3e93c9e9f8d3c244db with commit message 'Merge commit '077f13198adcad59269ded2151cca3e4a9e239c6'' into base branch master
Merged SHA 077f13198adcad59269ded2151cca3e4a9e239c6 with commit message 'testing changes' into base branch master

Showing logs for build [32mmeta-seldonio-jenkins-x-seldon-lm5bw-1[0m stage [32mmeta-pipeline[0m and container [32mstep-create-effective-pipeline[0m
panic: runtime error: invalid memory address or nil pointer dereference
[signal SIGSEGV: segmentation violation code=0x1 addr=0x18 pc=0x13c728e]

goroutine 1 [running]:
github.com/jenkins-x/**/v2/pkg/tekton/syntax.(*Agent).GetImage(...)
	/workspace/source/pkg/tekton/syntax/pipeline.go:449
github.com/jenkins-x/**/v2/pkg/jenkinsfile.(*PipelineConfig).createPipelineSteps(0xc000adb200, 0xc000e26900, 0x4f23ed0, 0x5, 0xc000ad4c00, 0xc000a52ba0, 0x0, 0x0, 0x4f87e85, 0x1f, ...)
	/workspace/source/pkg/jenkinsfile/pipeline.go:805 +0x3e
github.com/jenkins-x/**/v2/pkg/jenkinsfile.(*PipelineConfig).createStageForBuildPack(0xc000adb200, 0xc000ad4c00, 0xc000a52ba0, 0x0, 0x0, 0x4f87e85, 0x1f, 0xc000f4c640, 0x11, 0xc0007cbbc8, ...)
	/workspace/source/pkg/jenkinsfile/pipeline.go:905 +0x257
github.com/jenkins-x/**/v2/pkg/jenkinsfile.(*PipelineConfig).CreatePipelineForBuildPack(0xc000adb200, 0xc000ad4c00, 0xc000a52ba0, 0x0, 0x0, 0x4f87e85, 0x1f, 0xc000f4c640, 0x11, 0xc0007cbbc8, ...)
	/workspace/source/pkg/jenkinsfile/pipeline.go:928 +0x157
github.com/jenkins-x/**/v2/pkg/cmd/step/syntax.(*StepSyntaxEffectiveOptions).createPipelineForKind(0xc0005bb560, 0x4f283bd, 0x7, 0xc000ad4c00, 0xc000ad4a80, 0xc000ad4c00, 0x0, 0x0, 0xc000a4e280, 0x1, ...)
	/workspace/source/pkg/cmd/step/syntax/step_syntax_effective.go:424 +0xbee
github.com/jenkins-x/**/v2/pkg/cmd/step/syntax.(*StepSyntaxEffectiveOptions).CreateEffectivePipeline(0xc0005bb560, 0xc000770240, 0x58, 0xc000b2c840, 0xc000c3cf80, 0x1f, 0xc000ee85e0, 0x58, 0x0, 0x0)
	/workspace/source/pkg/cmd/step/syntax/step_syntax_effective.go:349 +0x451
github.com/jenkins-x/**/v2/pkg/cmd/step/syntax.(*StepSyntaxEffectiveOptions).Run(0xc0005bb560, 0x0, 0x0)
	/workspace/source/pkg/cmd/step/syntax/step_syntax_effective.go:239 +0x547
github.com/jenkins-x/**/v2/pkg/cmd/step/syntax.NewCmdStepSyntaxEffective.func1(0xc000992580, 0xc00042a6c0, 0x0, 0x24)
	/workspace/source/pkg/cmd/step/syntax/step_syntax_effective.go:93 +0x71
github.com/spf13/cobra.(*Command).execute(0xc000992580, 0xc00042a000, 0x24, 0x24, 0xc000992580, 0xc00042a000)
	/workspace/go/pkg/mod/github.com/spf13/cobra@v1.0.0/command.go:846 +0x2aa
github.com/spf13/cobra.(*Command).ExecuteC(0xc000203080, 0xc000aca840, 0x57de420, 0xc0000da000)
	/workspace/go/pkg/mod/github.com/spf13/cobra@v1.0.0/command.go:950 +0x349
github.com/spf13/cobra.(*Command).Execute(...)
	/workspace/go/pkg/mod/github.com/spf13/cobra@v1.0.0/command.go:887
github.com/jenkins-x/**/v2/cmd/**/app.Run(0x0, 0x0, 0x0, 0x42fa7e0, 0xc0000d0058)
	/workspace/source/cmd/**/app/**.go:19 +0x159
main.main()
	/workspace/source/cmd/**/**.go:11 +0x32
[31m
Pipeline failed on stage 'meta-pipeline' : container 'step-create-effective-pipeline'. The execution of the pipeline has stopped.[0m
