Step: step-credential-initializer-pdwdx:

{"level":"warn","ts":1566068104.5593238,"logger":"fallback-logger","caller":"logging/config.go:69","msg":"Fetch GitHub commit ID from kodata failed: \"ref: refs/heads/master\" is not a valid GitHub commit ID"}
{"level":"info","ts":1566068104.560061,"logger":"fallback-logger","caller":"creds-init/main.go:40","msg":"Credentials initialized."}
Step: step-working-dir-initializer-8smgs:

{"level":"warn","ts":1566068105.791064,"logger":"fallback-logger","caller":"logging/config.go:69","msg":"Fetch GitHub commit ID from kodata failed: open /var/run/ko/HEAD: no such file or directory"}
{"level":"info","ts":1566068105.7920568,"logger":"fallback-logger","caller":"bash/main.go:65","msg":"Successfully executed command \"mkdir -p /workspace/source\""}
Step: step-place-tools:

Step: step-git-source-meta-seldonio-jenkins-x-seldon-qr8zv:

{"level":"warn","ts":1566068111.8090065,"logger":"fallback-logger","caller":"logging/config.go:69","msg":"Fetch GitHub commit ID from kodata failed: \"ref: refs/heads/master\" is not a valid GitHub commit ID"}
{"level":"info","ts":1566068113.9605086,"logger":"fallback-logger","caller":"git/git.go:102","msg":"Successfully cloned https://github.com/SeldonIO/jenkins-x-seldon-core-sandbox.git @ d4e44debe6345f9ea0ea15c8817c9acf5ecb83d1 in path /workspace/source"}
Step: step-git-merge:

{"level":"info","msg":"Using SHAs from PULL_REFS=master:d4e44debe6345f9ea0ea15c8817c9acf5ecb83d1,8:bd9e71139118e6523e81f5600383a59a8c8b63ea","time":"2019-08-17T18:55:14Z"}
{"level":"debug","msg":"ran git fetch --unshallow origin bd9e71139118e6523e81f5600383a59a8c8b63ea: d4e44debe6345f9ea0ea15c8817c9acf5ecb83d1: in ","time":"2019-08-17T18:55:15Z"}
{"level":"debug","msg":"ran git checkout master in ","time":"2019-08-17T18:55:15Z"}
{"level":"debug","msg":"ran git reset --hard d4e44debe6345f9ea0ea15c8817c9acf5ecb83d1 in ","time":"2019-08-17T18:55:15Z"}
{"level":"debug","msg":"ran clean --force -d . in ","time":"2019-08-17T18:55:16Z"}
{"level":"debug","msg":"ran git merge bd9e71139118e6523e81f5600383a59a8c8b63ea in ","time":"2019-08-17T18:55:16Z"}
MERGED SHA SUBJECT
342fd837c  Merge commit 'bd9e71139118e6523e81f5600383a59a8c8b63ea'
bd9e71139  Added **
Step: step-merge-pull-refs:

{"level":"debug","msg":"ran git fetch origin bd9e71139118e6523e81f5600383a59a8c8b63ea: d4e44debe6345f9ea0ea15c8817c9acf5ecb83d1: in ","time":"2019-08-17T18:55:17Z"}
{"level":"debug","msg":"Unshallowed git repo in ","time":"2019-08-17T18:55:17Z"}
{"level":"debug","msg":"ran git checkout master in ","time":"2019-08-17T18:55:17Z"}
{"level":"debug","msg":"ran git reset --hard d4e44debe6345f9ea0ea15c8817c9acf5ecb83d1 in ","time":"2019-08-17T18:55:17Z"}
{"level":"debug","msg":"ran clean --force -d . in ","time":"2019-08-17T18:55:17Z"}
{"level":"debug","msg":"ran git merge bd9e71139118e6523e81f5600383a59a8c8b63ea in ","time":"2019-08-17T18:55:17Z"}
MERGED SHA SUBJECT
e5ca8f97f  Merge commit 'bd9e71139118e6523e81f5600383a59a8c8b63ea'
bd9e71139  Added **
Step: step-create-effective-pipeline:

{"level":"info","msg":"Deleting and cloning the Jenkins X versions repo","time":"2019-08-17T18:55:18Z"}
{"level":"info","msg":"Cloning the Jenkins X versions repo https://github.com/jenkins-x/jenkins-x-versions.git with ref refs/heads/master to /builder/home/.**/jenkins-x-versions","time":"2019-08-17T18:55:18Z"}
{"level":"info","msg":"Effective pipeline written to jenkins-x-serverless-jenkins-effective.yml","time":"2019-08-17T18:55:21Z"}
Step: step-create-tekton-crds:

{"level":"info","msg":"PipelineActivity for SeldonIO-jenkins-x-seldon-core-sandbox-PR-8-1","time":"2019-08-17T18:55:22Z"}
{"level":"info","msg":"Applying changes ","time":"2019-08-17T18:55:22Z"}
{"level":"info","msg":"Checking if batch build reconciling is needed","time":"2019-08-17T18:55:22Z"}
{"level":"info","msg":"upserted PipelineResource seldonio-jenkins-x-seldon-core for the git repository https://github.com/SeldonIO/jenkins-x-seldon-core-sandbox.git and branch PR-8","time":"2019-08-17T18:55:22Z"}
{"level":"info","msg":"upserted Task seldonio-jenkins-x-seldon-core-2xfs8-seldon-python-1","time":"2019-08-17T18:55:22Z"}
{"level":"info","msg":"upserted Task seldonio-jenkins-x-seldon-core-2xfs8-seldon-engine-1","time":"2019-08-17T18:55:22Z"}
{"level":"info","msg":"upserted Pipeline seldonio-jenkins-x-seldon-core-2xfs8-1","time":"2019-08-17T18:55:22Z"}
{"level":"info","msg":"created PipelineRun seldonio-jenkins-x-seldon-core-2xfs8-1","time":"2019-08-17T18:55:22Z"}
{"level":"info","msg":"created PipelineStructure seldonio-jenkins-x-seldon-core-2xfs8-1","time":"2019-08-17T18:55:23Z"}
