Step: step-credential-initializer-6xld7:

{"level":"warn","ts":1566145667.6899955,"logger":"fallback-logger","caller":"logging/config.go:69","msg":"Fetch GitHub commit ID from kodata failed: \"ref: refs/heads/master\" is not a valid GitHub commit ID"}
{"level":"info","ts":1566145667.6903794,"logger":"fallback-logger","caller":"creds-init/main.go:40","msg":"Credentials initialized."}
Step: step-working-dir-initializer-hd6lk:

{"level":"warn","ts":1566145668.4445007,"logger":"fallback-logger","caller":"logging/config.go:69","msg":"Fetch GitHub commit ID from kodata failed: open /var/run/ko/HEAD: no such file or directory"}
{"level":"info","ts":1566145668.4828336,"logger":"fallback-logger","caller":"bash/main.go:65","msg":"Successfully executed command \"mkdir -p /workspace/source\""}
Step: step-place-tools:

Step: step-git-source-meta-seldonio-jenkins-x-seldon-842bv:

{"level":"warn","ts":1566145675.48914,"logger":"fallback-logger","caller":"logging/config.go:69","msg":"Fetch GitHub commit ID from kodata failed: \"ref: refs/heads/master\" is not a valid GitHub commit ID"}
{"level":"info","ts":1566145677.9404547,"logger":"fallback-logger","caller":"git/git.go:102","msg":"Successfully cloned https://github.com/SeldonIO/jenkins-x-seldon-core-sandbox.git @ 546203ede35952ea218815b0544017af37e0b65e in path /workspace/source"}
Step: step-git-merge:

{"level":"info","msg":"Using SHAs from PULL_REFS=master:546203ede35952ea218815b0544017af37e0b65e,8:0c52eb0505ca635a6d613e37b873eab5c9d36fdc","time":"2019-08-18T16:27:59Z"}
{"level":"debug","msg":"ran git fetch --unshallow origin 0c52eb0505ca635a6d613e37b873eab5c9d36fdc: 546203ede35952ea218815b0544017af37e0b65e: in ","time":"2019-08-18T16:28:00Z"}
{"level":"debug","msg":"ran git checkout master in ","time":"2019-08-18T16:28:01Z"}
{"level":"debug","msg":"ran git reset --hard 546203ede35952ea218815b0544017af37e0b65e in ","time":"2019-08-18T16:28:01Z"}
{"level":"debug","msg":"ran clean --force -d . in ","time":"2019-08-18T16:28:01Z"}
{"level":"debug","msg":"ran git merge 0c52eb0505ca635a6d613e37b873eab5c9d36fdc in ","time":"2019-08-18T16:28:01Z"}
MERGED SHA SUBJECT
40fb809ba  Merge commit '0c52eb0505ca635a6d613e37b873eab5c9d36fdc'
0c52eb050  Added
bd9e71139  Added **
Step: step-merge-pull-refs:

{"level":"debug","msg":"ran git fetch origin 0c52eb0505ca635a6d613e37b873eab5c9d36fdc: 546203ede35952ea218815b0544017af37e0b65e: in ","time":"2019-08-18T16:28:02Z"}
{"level":"debug","msg":"Unshallowed git repo in ","time":"2019-08-18T16:28:02Z"}
{"level":"debug","msg":"ran git checkout master in ","time":"2019-08-18T16:28:02Z"}
{"level":"debug","msg":"ran git reset --hard 546203ede35952ea218815b0544017af37e0b65e in ","time":"2019-08-18T16:28:02Z"}
{"level":"debug","msg":"ran clean --force -d . in ","time":"2019-08-18T16:28:02Z"}
{"level":"debug","msg":"ran git merge 0c52eb0505ca635a6d613e37b873eab5c9d36fdc in ","time":"2019-08-18T16:28:03Z"}
MERGED SHA SUBJECT
7afd40e56  Merge commit '0c52eb0505ca635a6d613e37b873eab5c9d36fdc'
0c52eb050  Added
bd9e71139  Added **
Step: step-create-effective-pipeline:

{"level":"info","msg":"Deleting and cloning the Jenkins X versions repo","time":"2019-08-18T16:28:04Z"}
{"level":"info","msg":"Cloning the Jenkins X versions repo https://github.com/jenkins-x/jenkins-x-versions.git with ref refs/heads/master to /builder/home/.**/jenkins-x-versions","time":"2019-08-18T16:28:04Z"}
{"level":"info","msg":"Effective pipeline written to jenkins-x-serverless-jenkins-effective.yml","time":"2019-08-18T16:28:07Z"}
Step: step-create-tekton-crds:

{"level":"info","msg":"PipelineActivity for SeldonIO-jenkins-x-seldon-core-sandbox-PR-8-3","time":"2019-08-18T16:28:08Z"}
{"level":"info","msg":"Applying changes ","time":"2019-08-18T16:28:08Z"}
{"level":"info","msg":"Checking if batch build reconciling is needed","time":"2019-08-18T16:28:08Z"}
{"level":"info","msg":"upserted PipelineResource seldonio-jenkins-x-seldon-core for the git repository https://github.com/SeldonIO/jenkins-x-seldon-core-sandbox.git and branch PR-8","time":"2019-08-18T16:28:08Z"}
{"level":"info","msg":"upserted Task seldonio-jenkins-x-seldon-core-rpfj5-seldon-python-3","time":"2019-08-18T16:28:08Z"}
{"level":"info","msg":"upserted Task seldonio-jenkins-x-seldon-core-rpfj5-seldon-engine-3","time":"2019-08-18T16:28:08Z"}
{"level":"info","msg":"upserted Pipeline seldonio-jenkins-x-seldon-core-rpfj5-3","time":"2019-08-18T16:28:08Z"}
{"level":"info","msg":"created PipelineRun seldonio-jenkins-x-seldon-core-rpfj5-3","time":"2019-08-18T16:28:08Z"}
{"level":"info","msg":"created PipelineStructure seldonio-jenkins-x-seldon-core-rpfj5-3","time":"2019-08-18T16:28:08Z"}
