
Showing logs for build [32mmeta-seldonio-jenkins-x-seldon-st4kg-9[0m stage [32mmeta-pipeline[0m and container [32mstep-credential-initializer-9vzcf[0m
{"level":"info","ts":1594040096.272858,"logger":"fallback-logger","caller":"logging/config.go:69","msg":"Fetch GitHub commit ID from kodata failed: open /var/run/ko/refs/heads/0.8.0-ns-support: no such file or directory"}
{"level":"info","ts":1594040096.2733712,"logger":"fallback-logger","caller":"creds-init/main.go:40","msg":"Credentials initialized."}

Showing logs for build [32mmeta-seldonio-jenkins-x-seldon-st4kg-9[0m stage [32mmeta-pipeline[0m and container [32mstep-working-dir-initializer-kzxzb[0m
{"level":"info","ts":1594040096.9348564,"logger":"fallback-logger","caller":"logging/config.go:69","msg":"Fetch GitHub commit ID from kodata failed: open /var/run/ko/HEAD: no such file or directory"}
{"level":"info","ts":1594040096.9368541,"logger":"fallback-logger","caller":"bash/main.go:64","msg":"Successfully executed command \"sh -c mkdir -p /workspace/source\"; output "}

Showing logs for build [32mmeta-seldonio-jenkins-x-seldon-st4kg-9[0m stage [32mmeta-pipeline[0m and container [32mstep-place-tools[0m

Showing logs for build [32mmeta-seldonio-jenkins-x-seldon-st4kg-9[0m stage [32mmeta-pipeline[0m and container [32mstep-git-source-meta-seldonio-jenkins-x-seldon-st4kg-lgthx[0m
{"level":"info","ts":1594040104.1949258,"logger":"fallback-logger","caller":"logging/config.go:69","msg":"Fetch GitHub commit ID from kodata failed: open /var/run/ko/refs/heads/0.8.0-ns-support: no such file or directory"}
{"level":"info","ts":1594040106.1601744,"logger":"fallback-logger","caller":"git/git.go:103","msg":"Successfully cloned https://github.com/SeldonIO/jenkins-x-seldon-core-sandbox.git @ 031f52dfee323885222493ddf737af9bd747a895 in path /workspace/source"}

Showing logs for build [32mmeta-seldonio-jenkins-x-seldon-st4kg-9[0m stage [32mmeta-pipeline[0m and container [32mstep-setup-builder-home[0m

Showing logs for build [32mmeta-seldonio-jenkins-x-seldon-st4kg-9[0m stage [32mmeta-pipeline[0m and container [32mstep-git-merge[0m
Using SHAs from PULL_REFS=gh-pages:031f52dfee323885222493ddf737af9bd747a895
WARNING: no SHAs to merge, falling back to initial cloned commit

Showing logs for build [32mmeta-seldonio-jenkins-x-seldon-st4kg-9[0m stage [32mmeta-pipeline[0m and container [32mstep-merge-pull-refs[0m
SKIP merge-pull-refs: Nothing to merge

Showing logs for build [32mmeta-seldonio-jenkins-x-seldon-st4kg-9[0m stage [32mmeta-pipeline[0m and container [32mstep-create-effective-pipeline[0m
performing pack detection in folder /workspace/source
--> Draft detected Coq (100.000000%)
--> Could not find a pack for Coq. Trying to find the next likely language match...
error: failed to discover the build pack: failed to discover task pack in dir /workspace/source: there was an error detecting the language using packs from /builder/home/.**/draft/packs/github.com/jenkins-x-buildpacks/jenkins-x-kubernetes/packs
[31m
Pipeline failed on stage 'meta-pipeline' : container 'step-create-effective-pipeline'. The execution of the pipeline has stopped.[0m
