Step: step-credential-initializer-hwvdv:

{"level":"warn","ts":1566064904.7826788,"logger":"fallback-logger","caller":"logging/config.go:69","msg":"Fetch GitHub commit ID from kodata failed: \"ref: refs/heads/master\" is not a valid GitHub commit ID"}
{"level":"info","ts":1566064904.7833512,"logger":"fallback-logger","caller":"creds-init/main.go:40","msg":"Credentials initialized."}
Step: step-working-dir-initializer-r9c54:

{"level":"warn","ts":1566064905.7909846,"logger":"fallback-logger","caller":"logging/config.go:69","msg":"Fetch GitHub commit ID from kodata failed: open /var/run/ko/HEAD: no such file or directory"}
{"level":"info","ts":1566064905.7927349,"logger":"fallback-logger","caller":"bash/main.go:65","msg":"Successfully executed command \"mkdir -p /workspace/source\""}
Step: step-place-tools:

Step: step-git-source-meta-seldonio-jenkins-x-seldon-stbv5:

{"level":"warn","ts":1566064911.800907,"logger":"fallback-logger","caller":"logging/config.go:69","msg":"Fetch GitHub commit ID from kodata failed: \"ref: refs/heads/master\" is not a valid GitHub commit ID"}
{"level":"info","ts":1566064913.9715393,"logger":"fallback-logger","caller":"git/git.go:102","msg":"Successfully cloned https://github.com/SeldonIO/jenkins-x-seldon-core-sandbox.git @ 75ad3236b2b9d17e92ef93e064cad3a237ecf58e in path /workspace/source"}
Step: step-git-merge:

{"level":"info","msg":"Using SHAs from PULL_REFS=master:75ad3236b2b9d17e92ef93e064cad3a237ecf58e,7:866be0a717e3f44f254850d767a97acfb9267020","time":"2019-08-17T18:01:54Z"}
{"level":"debug","msg":"ran git fetch --unshallow origin 866be0a717e3f44f254850d767a97acfb9267020: 75ad3236b2b9d17e92ef93e064cad3a237ecf58e: in ","time":"2019-08-17T18:01:55Z"}
{"level":"debug","msg":"ran git checkout master in ","time":"2019-08-17T18:01:55Z"}
{"level":"debug","msg":"ran git reset --hard 75ad3236b2b9d17e92ef93e064cad3a237ecf58e in ","time":"2019-08-17T18:01:55Z"}
{"level":"debug","msg":"ran clean --force -d . in ","time":"2019-08-17T18:01:55Z"}
{"level":"debug","msg":"ran git merge 866be0a717e3f44f254850d767a97acfb9267020 in ","time":"2019-08-17T18:01:55Z"}
MERGED SHA SUBJECT
866be0a71  Added
4dad3effd  Added
eb5c7eda5  Added
2197a3164  This shoudl fail
b6d25bfaf  Testing slack attempt 2
Step: step-merge-pull-refs:

{"level":"debug","msg":"ran git fetch origin 866be0a717e3f44f254850d767a97acfb9267020: 75ad3236b2b9d17e92ef93e064cad3a237ecf58e: in ","time":"2019-08-17T18:01:58Z"}
{"level":"debug","msg":"Unshallowed git repo in ","time":"2019-08-17T18:01:58Z"}
{"level":"debug","msg":"ran git checkout master in ","time":"2019-08-17T18:01:58Z"}
{"level":"debug","msg":"ran git reset --hard 75ad3236b2b9d17e92ef93e064cad3a237ecf58e in ","time":"2019-08-17T18:01:58Z"}
{"level":"debug","msg":"ran clean --force -d . in ","time":"2019-08-17T18:01:58Z"}
{"level":"debug","msg":"ran git merge 866be0a717e3f44f254850d767a97acfb9267020 in ","time":"2019-08-17T18:01:58Z"}
MERGED SHA SUBJECT
866be0a71  Added
4dad3effd  Added
eb5c7eda5  Added
2197a3164  This shoudl fail
b6d25bfaf  Testing slack attempt 2
Step: step-create-effective-pipeline:

{"level":"info","msg":"Deleting and cloning the Jenkins X versions repo","time":"2019-08-17T18:01:59Z"}
{"level":"info","msg":"Cloning the Jenkins X versions repo https://github.com/jenkins-x/jenkins-x-versions.git with ref refs/heads/master to /builder/home/.**/jenkins-x-versions","time":"2019-08-17T18:01:59Z"}
{"level":"info","msg":"Effective pipeline written to jenkins-x-serverless-jenkins-effective.yml","time":"2019-08-17T18:02:02Z"}
Step: step-create-tekton-crds:

{"level":"info","msg":"PipelineActivity for SeldonIO-jenkins-x-seldon-core-sandbox-PR-7-4","time":"2019-08-17T18:02:03Z"}
{"level":"info","msg":"Applying changes ","time":"2019-08-17T18:02:03Z"}
{"level":"info","msg":"Checking if batch build reconciling is needed","time":"2019-08-17T18:02:03Z"}
{"level":"info","msg":"upserted PipelineResource seldonio-jenkins-x-seldon-core for the git repository https://github.com/SeldonIO/jenkins-x-seldon-core-sandbox.git and branch PR-7","time":"2019-08-17T18:02:03Z"}
{"level":"info","msg":"upserted Task seldonio-jenkins-x-seldon-core-8k4w4-seldon-python-4","time":"2019-08-17T18:02:03Z"}
{"level":"info","msg":"upserted Task seldonio-jenkins-x-seldon-core-8k4w4-seldon-engine-4","time":"2019-08-17T18:02:03Z"}
{"level":"info","msg":"upserted Pipeline seldonio-jenkins-x-seldon-core-8k4w4-4","time":"2019-08-17T18:02:03Z"}
{"level":"info","msg":"created PipelineRun seldonio-jenkins-x-seldon-core-8k4w4-4","time":"2019-08-17T18:02:03Z"}
{"level":"info","msg":"created PipelineStructure seldonio-jenkins-x-seldon-core-8k4w4-4","time":"2019-08-17T18:02:03Z"}
