Step: step-credential-initializer-7rkjn:

{"level":"warn","ts":1565971654.9640315,"logger":"fallback-logger","caller":"logging/config.go:69","msg":"Fetch GitHub commit ID from kodata failed: \"ref: refs/heads/master\" is not a valid GitHub commit ID"}
{"level":"info","ts":1565971654.9646018,"logger":"fallback-logger","caller":"creds-init/main.go:40","msg":"Credentials initialized."}
Step: step-working-dir-initializer-kkntc:

{"level":"warn","ts":1565971655.8161728,"logger":"fallback-logger","caller":"logging/config.go:69","msg":"Fetch GitHub commit ID from kodata failed: open /var/run/ko/HEAD: no such file or directory"}
{"level":"info","ts":1565971655.8187933,"logger":"fallback-logger","caller":"bash/main.go:65","msg":"Successfully executed command \"mkdir -p /workspace/source\""}
Step: step-place-tools:

Step: step-git-source-meta-seldonio-jenkins-x-seldon-wvlnm:

{"level":"warn","ts":1565971661.8645494,"logger":"fallback-logger","caller":"logging/config.go:69","msg":"Fetch GitHub commit ID from kodata failed: \"ref: refs/heads/master\" is not a valid GitHub commit ID"}
{"level":"info","ts":1565971663.9011016,"logger":"fallback-logger","caller":"git/git.go:102","msg":"Successfully cloned https://github.com/SeldonIO/jenkins-x-seldon-core-sandbox.git @ 1061620a0e4c20fd927c943119fb4dd5cc15d63f in path /workspace/source"}
Step: step-git-merge:

{"level":"info","msg":"Using SHAs from PULL_REFS=master:1061620a0e4c20fd927c943119fb4dd5cc15d63f","time":"2019-08-16T16:07:44Z"}
{"level":"warning","msg":"no SHAs to merge, falling back to initial cloned commit","time":"2019-08-16T16:07:44Z"}
Step: step-merge-pull-refs:

SKIP merge-pull-refs: Nothing to merge
Step: step-create-effective-pipeline:

{"level":"info","msg":"Deleting and cloning the Jenkins X versions repo","time":"2019-08-16T16:07:45Z"}
{"level":"info","msg":"Cloning the Jenkins X versions repo https://github.com/jenkins-x/jenkins-x-versions.git with ref refs/heads/master to /builder/home/.**/jenkins-x-versions","time":"2019-08-16T16:07:45Z"}
{"level":"info","msg":"Effective pipeline written to jenkins-x-effective.yml","time":"2019-08-16T16:07:48Z"}
Step: step-create-tekton-crds:

{"level":"info","msg":"running command: ** step next-version --use-git-tag-only --tag","time":"2019-08-16T16:07:49Z"}
{"level":"info","msg":"created new version: 0.0.6 and written to file: ./VERSION","time":"2019-08-16T16:07:50Z"}
{"level":"info","msg":"Updating chart version in charts/jenkins-x-seldon-core-sandbox/Chart.yaml to 0.0.6","time":"2019-08-16T16:07:50Z"}
{"level":"info","msg":"Updating repository in charts/jenkins-x-seldon-core-sandbox/values.yaml to klawcluster.azurecr.io/seldonio/jenkins-x-seldon-core-sandbox","time":"2019-08-16T16:07:50Z"}
{"level":"info","msg":"Updating tag in charts/jenkins-x-seldon-core-sandbox/values.yaml to 0.0.6","time":"2019-08-16T16:07:50Z"}
{"level":"info","msg":"Tag v0.0.6 created and pushed to remote origin","time":"2019-08-16T16:07:56Z"}
{"level":"info","msg":"","time":"2019-08-16T16:07:56Z"}
{"level":"info","msg":"PipelineActivity for SeldonIO-jenkins-x-seldon-core-sandbox-master-1","time":"2019-08-16T16:07:56Z"}
{"level":"info","msg":"Applying changes ","time":"2019-08-16T16:07:56Z"}
{"level":"info","msg":"upserted PipelineResource seldonio-jenkins-x-seldon-core for the git repository https://github.com/SeldonIO/jenkins-x-seldon-core-sandbox.git and branch master","time":"2019-08-16T16:07:56Z"}
{"level":"info","msg":"upserted Task seldonio-jenkins-x-seldon-core-seldon-python-1","time":"2019-08-16T16:07:57Z"}
{"level":"info","msg":"upserted Task seldonio-jenkins-x-seldon-core-seldon-engine-1","time":"2019-08-16T16:07:57Z"}
{"level":"info","msg":"upserted Pipeline seldonio-jenkins-x-seldon-core-1","time":"2019-08-16T16:07:57Z"}
{"level":"info","msg":"created PipelineRun seldonio-jenkins-x-seldon-core-1","time":"2019-08-16T16:07:57Z"}
{"level":"info","msg":"created PipelineStructure seldonio-jenkins-x-seldon-core-1","time":"2019-08-16T16:07:57Z"}
