
Showing logs for build [32mmeta-seldonio-jenkins-x-seldon-vgsjw-12[0m stage [32mmeta-pipeline[0m and container [32mstep-credential-initializer-xcxwh[0m
{"level":"warn","ts":1572627965.3798113,"logger":"fallback-logger","caller":"logging/config.go:69","msg":"Fetch GitHub commit ID from kodata failed: \"ref: refs/heads/master\" is not a valid GitHub commit ID"}
{"level":"info","ts":1572627965.380924,"logger":"fallback-logger","caller":"creds-init/main.go:40","msg":"Credentials initialized."}

Showing logs for build [32mmeta-seldonio-jenkins-x-seldon-vgsjw-12[0m stage [32mmeta-pipeline[0m and container [32mstep-working-dir-initializer-xf6jp[0m
{"level":"warn","ts":1572627966.2627854,"logger":"fallback-logger","caller":"logging/config.go:69","msg":"Fetch GitHub commit ID from kodata failed: open /var/run/ko/HEAD: no such file or directory"}
{"level":"info","ts":1572627966.2643552,"logger":"fallback-logger","caller":"bash/main.go:65","msg":"Successfully executed command \"mkdir -p /workspace/source\""}

Showing logs for build [32mmeta-seldonio-jenkins-x-seldon-vgsjw-12[0m stage [32mmeta-pipeline[0m and container [32mstep-place-tools[0m

Showing logs for build [32mmeta-seldonio-jenkins-x-seldon-vgsjw-12[0m stage [32mmeta-pipeline[0m and container [32mstep-git-source-meta-seldonio-jenkins-x-seldon-dgmkw[0m
{"level":"warn","ts":1572627972.3815582,"logger":"fallback-logger","caller":"logging/config.go:69","msg":"Fetch GitHub commit ID from kodata failed: \"ref: refs/heads/master\" is not a valid GitHub commit ID"}
{"level":"info","ts":1572627975.2654295,"logger":"fallback-logger","caller":"git/git.go:102","msg":"Successfully cloned https://github.com/SeldonIO/jenkins-x-seldon-core-sandbox.git @ d339d644f6d6319b391e4bdb64079ac0c9761811 in path /workspace/source"}

Showing logs for build [32mmeta-seldonio-jenkins-x-seldon-vgsjw-12[0m stage [32mmeta-pipeline[0m and container [32mstep-git-merge[0m
Using SHAs from PULL_REFS=master:d339d644f6d6319b391e4bdb64079ac0c9761811
WARNING: no SHAs to merge, falling back to initial cloned commit

Showing logs for build [32mmeta-seldonio-jenkins-x-seldon-vgsjw-12[0m stage [32mmeta-pipeline[0m and container [32mstep-merge-pull-refs[0m
SKIP merge-pull-refs: Nothing to merge

Showing logs for build [32mmeta-seldonio-jenkins-x-seldon-vgsjw-12[0m stage [32mmeta-pipeline[0m and container [32mstep-create-effective-pipeline[0m
Effective pipeline written to jenkins-x-release-effective.yml

Showing logs for build [32mmeta-seldonio-jenkins-x-seldon-vgsjw-12[0m stage [32mmeta-pipeline[0m and container [32mstep-create-tekton-crds[0m
running command: echo "ignoring..."

running command: echo "ignoring..."
ignoring...
ignoring...

running command: echo "ignoring..."
ignoring...

error: failed to set the version on release pipelines: failed to read file /workspace/source/VERSION
[31m
Pipeline failed on stage 'meta-pipeline' : container 'step-create-tekton-crds'. The execution of the pipeline has stopped.[0m
