
Showing logs for build [32mseldonio-jenkins-x-seldon-core-lbzbc-14[0m stage [32mbuild-and-push[0m and container [32mstep-credential-initializer-kfwxq[0m
{"level":"warn","ts":1585930504.1297078,"logger":"fallback-logger","caller":"logging/config.go:69","msg":"Fetch GitHub commit ID from kodata failed: \"ref: refs/heads/0.8.0-**-support-backwards-incompats\" is not a valid GitHub commit ID"}
{"level":"info","ts":1585930504.1301022,"logger":"fallback-logger","caller":"creds-init/main.go:40","msg":"Credentials initialized."}

Showing logs for build [32mseldonio-jenkins-x-seldon-core-lbzbc-14[0m stage [32mbuild-and-push[0m and container [32mstep-working-dir-initializer-cwp5b[0m
{"level":"warn","ts":1585930504.5245707,"logger":"fallback-logger","caller":"logging/config.go:69","msg":"Fetch GitHub commit ID from kodata failed: open /var/run/ko/HEAD: no such file or directory"}
{"level":"info","ts":1585930504.5262814,"logger":"fallback-logger","caller":"bash/main.go:64","msg":"Successfully executed command \"sh -c mkdir -p /workspace/source\"; output "}

Showing logs for build [32mseldonio-jenkins-x-seldon-core-lbzbc-14[0m stage [32mbuild-and-push[0m and container [32mstep-place-tools[0m

Showing logs for build [32mseldonio-jenkins-x-seldon-core-lbzbc-14[0m stage [32mbuild-and-push[0m and container [32mstep-git-source-seldonio-jenkins-x-seldon-core-p6vw4[0m
{"level":"warn","ts":1585930520.7304769,"logger":"fallback-logger","caller":"logging/config.go:69","msg":"Fetch GitHub commit ID from kodata failed: \"ref: refs/heads/0.8.0-**-support-backwards-incompats\" is not a valid GitHub commit ID"}
{"level":"info","ts":1585930535.3861713,"logger":"fallback-logger","caller":"git/git.go:103","msg":"Successfully cloned https://github.com/SeldonIO/jenkins-x-seldon-core-sandbox.git @ v10.0.3-SNAPSHOT in path /workspace/source"}

Showing logs for build [32mseldonio-jenkins-x-seldon-core-lbzbc-14[0m stage [32mbuild-and-push[0m and container [32mstep-git-merge[0m
Using SHAs from PULL_REFS=master:b33bc78e1e101fdb1aca230057bfe17f877ad353
WARNING: no SHAs to merge, falling back to initial cloned commit

Showing logs for build [32mseldonio-jenkins-x-seldon-core-lbzbc-14[0m stage [32mbuild-and-push[0m and container [32mstep-create-dated-version[0m

Showing logs for build [32mseldonio-jenkins-x-seldon-core-lbzbc-14[0m stage [32mbuild-and-push[0m and container [32mstep-create-new-branch[0m
Switched to a new branch 'v10.0.3-SNAPSHOT_20200403161535'
M	version.txt

Showing logs for build [32mseldonio-jenkins-x-seldon-core-lbzbc-14[0m stage [32mbuild-and-push[0m and container [32mstep-update-release-tags[0m
/bin/sh: 1: Syntax error: ")" unexpected
[31m
Pipeline failed on stage 'build-and-push' : container 'step-update-release-tags'. The execution of the pipeline has stopped.[0m
