Step: step-credential-initializer-6mrdh:

{"level":"warn","ts":1565974811.5370526,"logger":"fallback-logger","caller":"logging/config.go:69","msg":"Fetch GitHub commit ID from kodata failed: \"ref: refs/heads/master\" is not a valid GitHub commit ID"}
{"level":"info","ts":1565974811.5373588,"logger":"fallback-logger","caller":"creds-init/main.go:40","msg":"Credentials initialized."}
Step: step-working-dir-initializer-pnsdd:

{"level":"warn","ts":1565974812.3914595,"logger":"fallback-logger","caller":"logging/config.go:69","msg":"Fetch GitHub commit ID from kodata failed: open /var/run/ko/HEAD: no such file or directory"}
{"level":"info","ts":1565974812.3927886,"logger":"fallback-logger","caller":"bash/main.go:65","msg":"Successfully executed command \"mkdir -p /workspace/source\""}
Step: step-place-tools:

Step: step-git-source-meta-seldonio-jenkins-x-seldon-jlvgh:

{"level":"warn","ts":1565974818.6312563,"logger":"fallback-logger","caller":"logging/config.go:69","msg":"Fetch GitHub commit ID from kodata failed: \"ref: refs/heads/master\" is not a valid GitHub commit ID"}
{"level":"info","ts":1565974820.9397125,"logger":"fallback-logger","caller":"git/git.go:102","msg":"Successfully cloned https://github.com/SeldonIO/jenkins-x-seldon-core-sandbox.git @ cc8f38a8189876c682cc80f1b12d4f95a96ff73e in path /workspace/source"}
Step: step-git-merge:

{"level":"info","msg":"Using SHAs from PULL_REFS=master:cc8f38a8189876c682cc80f1b12d4f95a96ff73e","time":"2019-08-16T17:00:22Z"}
{"level":"warning","msg":"no SHAs to merge, falling back to initial cloned commit","time":"2019-08-16T17:00:22Z"}
Step: step-merge-pull-refs:

SKIP merge-pull-refs: Nothing to merge
Step: step-create-effective-pipeline:

{"level":"info","msg":"Deleting and cloning the Jenkins X versions repo","time":"2019-08-16T17:00:24Z"}
{"level":"info","msg":"Cloning the Jenkins X versions repo https://github.com/jenkins-x/jenkins-x-versions.git with ref refs/heads/master to /builder/home/.**/jenkins-x-versions","time":"2019-08-16T17:00:24Z"}
{"level":"info","msg":"Effective pipeline written to jenkins-x-release-effective.yml","time":"2019-08-16T17:00:27Z"}
Step: step-create-tekton-crds:

{"level":"info","msg":"running command: ** step next-version --use-git-tag-only --tag","time":"2019-08-16T17:00:28Z"}
{"level":"info","msg":"created new version: 0.0.7 and written to file: ./VERSION","time":"2019-08-16T17:00:29Z"}
{"level":"info","msg":"Updating chart version in charts/jenkins-x-seldon-core-sandbox/Chart.yaml to 0.0.7","time":"2019-08-16T17:00:29Z"}
{"level":"info","msg":"Updating repository in charts/jenkins-x-seldon-core-sandbox/values.yaml to klawcluster.azurecr.io/seldonio/jenkins-x-seldon-core-sandbox","time":"2019-08-16T17:00:30Z"}
{"level":"info","msg":"Updating tag in charts/jenkins-x-seldon-core-sandbox/values.yaml to 0.0.7","time":"2019-08-16T17:00:30Z"}
{"level":"info","msg":"Tag v0.0.7 created and pushed to remote origin","time":"2019-08-16T17:00:34Z"}
{"level":"info","msg":"","time":"2019-08-16T17:00:34Z"}
{"level":"info","msg":"PipelineActivity for SeldonIO-jenkins-x-seldon-core-sandbox-master-2","time":"2019-08-16T17:00:34Z"}
{"level":"info","msg":"Applying changes ","time":"2019-08-16T17:00:34Z"}
{"level":"info","msg":"upserted PipelineResource seldonio-jenkins-x-seldon-core for the git repository https://github.com/SeldonIO/jenkins-x-seldon-core-sandbox.git and branch master","time":"2019-08-16T17:00:34Z"}
{"level":"info","msg":"upserted Task seldonio-jenkins-x-seldon-core-5rt2n-seldon-python-2","time":"2019-08-16T17:00:34Z"}
{"level":"info","msg":"upserted Task seldonio-jenkins-x-seldon-core-5rt2n-seldon-engine-2","time":"2019-08-16T17:00:34Z"}
{"level":"info","msg":"upserted Pipeline seldonio-jenkins-x-seldon-core-5rt2n-2","time":"2019-08-16T17:00:34Z"}
{"level":"info","msg":"created PipelineRun seldonio-jenkins-x-seldon-core-5rt2n-2","time":"2019-08-16T17:00:35Z"}
{"level":"info","msg":"created PipelineStructure seldonio-jenkins-x-seldon-core-5rt2n-2","time":"2019-08-16T17:00:35Z"}
