
Showing logs for build [32mmeta-seldonio-jenkins-x-seldon-5s5zz-21[0m stage [32mmeta-pipeline[0m and container [32mstep-credential-initializer-lcqjx[0m
{"level":"info","ts":1594035441.5552733,"logger":"fallback-logger","caller":"logging/config.go:69","msg":"Fetch GitHub commit ID from kodata failed: open /var/run/ko/refs/heads/0.8.0-ns-support: no such file or directory"}
{"level":"info","ts":1594035441.555924,"logger":"fallback-logger","caller":"creds-init/main.go:40","msg":"Credentials initialized."}

Showing logs for build [32mmeta-seldonio-jenkins-x-seldon-5s5zz-21[0m stage [32mmeta-pipeline[0m and container [32mstep-working-dir-initializer-km5j5[0m
{"level":"info","ts":1594035443.1025295,"logger":"fallback-logger","caller":"logging/config.go:69","msg":"Fetch GitHub commit ID from kodata failed: open /var/run/ko/HEAD: no such file or directory"}
{"level":"info","ts":1594035443.1044676,"logger":"fallback-logger","caller":"bash/main.go:64","msg":"Successfully executed command \"sh -c mkdir -p /workspace/source\"; output "}

Showing logs for build [32mmeta-seldonio-jenkins-x-seldon-5s5zz-21[0m stage [32mmeta-pipeline[0m and container [32mstep-place-tools[0m

Showing logs for build [32mmeta-seldonio-jenkins-x-seldon-5s5zz-21[0m stage [32mmeta-pipeline[0m and container [32mstep-git-source-meta-seldonio-jenkins-x-seldon-5s5zz-k47fk[0m
{"level":"info","ts":1594035532.6932514,"logger":"fallback-logger","caller":"logging/config.go:69","msg":"Fetch GitHub commit ID from kodata failed: open /var/run/ko/refs/heads/0.8.0-ns-support: no such file or directory"}
{"level":"info","ts":1594035538.8737876,"logger":"fallback-logger","caller":"git/git.go:103","msg":"Successfully cloned https://github.com/SeldonIO/jenkins-x-seldon-core-sandbox.git @ e572c989eda82d096edcee67bf97b73253734291 in path /workspace/source"}

Showing logs for build [32mmeta-seldonio-jenkins-x-seldon-5s5zz-21[0m stage [32mmeta-pipeline[0m and container [32mstep-setup-builder-home[0m

Showing logs for build [32mmeta-seldonio-jenkins-x-seldon-5s5zz-21[0m stage [32mmeta-pipeline[0m and container [32mstep-git-merge[0m
Using SHAs from PULL_REFS=master:e572c989eda82d096edcee67bf97b73253734291
WARNING: no SHAs to merge, falling back to initial cloned commit

Showing logs for build [32mmeta-seldonio-jenkins-x-seldon-5s5zz-21[0m stage [32mmeta-pipeline[0m and container [32mstep-merge-pull-refs[0m
SKIP merge-pull-refs: Nothing to merge

Showing logs for build [32mmeta-seldonio-jenkins-x-seldon-5s5zz-21[0m stage [32mmeta-pipeline[0m and container [32mstep-create-effective-pipeline[0m
Effective pipeline written to jenkins-x-production-effective.yml

Showing logs for build [32mmeta-seldonio-jenkins-x-seldon-5s5zz-21[0m stage [32mmeta-pipeline[0m and container [32mstep-create-tekton-crds[0m
running command: cat version.txt > VERSION

running command: git branch -D v\$(cat version.txt) || echo "No branch exists"
error: branch 'v1.1.1-rc' not found.
No branch exists

running command: git checkout -b v\$(cat version.txt)
Switched to a new branch 'v1.1.1-rc'

running command: git push origin v\$(cat version.txt) -f
To https://github.com/SeldonIO/jenkins-x-seldon-core-sandbox.git
 ! [remote rejected] v1.1.1-rc -> v1.1.1-rc (cannot lock ref 'refs/heads/v1.1.1-rc': reference already exists)
error: failed to push some refs to 'https://github.com/SeldonIO/jenkins-x-seldon-core-sandbox.git'
error: failed to set the version on release pipelines: failed to run '/bin/sh -c git push origin v$(cat version.txt) -f' command in directory '/workspace/source', output: ''
[31m
Pipeline failed on stage 'meta-pipeline' : container 'step-create-tekton-crds'. The execution of the pipeline has stopped.[0m
