
Showing logs for build [32mmeta-seldonio-jenkins-x-seldon-wjgdk-4[0m stage [32mmeta-pipeline[0m and container [32mstep-credential-initializer-x82kv[0m
{"level":"warn","ts":1575038217.4472322,"logger":"fallback-logger","caller":"logging/config.go:69","msg":"Fetch GitHub commit ID from kodata failed: \"ref: refs/heads/master\" is not a valid GitHub commit ID"}
{"level":"info","ts":1575038217.4479563,"logger":"fallback-logger","caller":"creds-init/main.go:40","msg":"Credentials initialized."}

Showing logs for build [32mmeta-seldonio-jenkins-x-seldon-wjgdk-4[0m stage [32mmeta-pipeline[0m and container [32mstep-working-dir-initializer-57rpm[0m
{"level":"warn","ts":1575038218.0839586,"logger":"fallback-logger","caller":"logging/config.go:69","msg":"Fetch GitHub commit ID from kodata failed: open /var/run/ko/HEAD: no such file or directory"}
{"level":"info","ts":1575038218.0857954,"logger":"fallback-logger","caller":"bash/main.go:65","msg":"Successfully executed command \"mkdir -p /workspace/source\""}

Showing logs for build [32mmeta-seldonio-jenkins-x-seldon-wjgdk-4[0m stage [32mmeta-pipeline[0m and container [32mstep-place-tools[0m

Showing logs for build [32mmeta-seldonio-jenkins-x-seldon-wjgdk-4[0m stage [32mmeta-pipeline[0m and container [32mstep-git-source-meta-seldonio-jenkins-x-seldon-82vz5[0m
{"level":"warn","ts":1575038223.425657,"logger":"fallback-logger","caller":"logging/config.go:69","msg":"Fetch GitHub commit ID from kodata failed: \"ref: refs/heads/master\" is not a valid GitHub commit ID"}
{"level":"info","ts":1575038227.458124,"logger":"fallback-logger","caller":"git/git.go:102","msg":"Successfully cloned https://github.com/SeldonIO/jenkins-x-seldon-core-sandbox.git @ 9ed504387df4a77fee0d03bb08c085c9c0a1f4f5 in path /workspace/source"}

Showing logs for build [32mmeta-seldonio-jenkins-x-seldon-wjgdk-4[0m stage [32mmeta-pipeline[0m and container [32mstep-git-merge[0m
Using SHAs from PULL_REFS=master:9ed504387df4a77fee0d03bb08c085c9c0a1f4f5
WARNING: no SHAs to merge, falling back to initial cloned commit

Showing logs for build [32mmeta-seldonio-jenkins-x-seldon-wjgdk-4[0m stage [32mmeta-pipeline[0m and container [32mstep-merge-pull-refs[0m
SKIP merge-pull-refs: Nothing to merge

Showing logs for build [32mmeta-seldonio-jenkins-x-seldon-wjgdk-4[0m stage [32mmeta-pipeline[0m and container [32mstep-create-effective-pipeline[0m
Effective pipeline written to jenkins-x-release-effective.yml

Showing logs for build [32mmeta-seldonio-jenkins-x-seldon-wjgdk-4[0m stage [32mmeta-pipeline[0m and container [32mstep-create-tekton-crds[0m
? A local Jenkins X versions repository already exists, pulling the latest: Yes
running command: echo "skipping tag"
skipping tag
error: failed to set the version on release pipelines: failed to read file /workspace/source/VERSION

[31m
Pipeline failed on stage 'meta-pipeline' : container 'step-create-tekton-crds'. The execution of the pipeline has stopped.[0m
