
Showing logs for build [32mmeta-seldonio-jenkins-x-seldon-lxxnk-6[0m stage [32mmeta-pipeline[0m and container [32mstep-credential-initializer-km4xz[0m
{"level":"warn","ts":1572188268.4510825,"logger":"fallback-logger","caller":"logging/config.go:69","msg":"Fetch GitHub commit ID from kodata failed: \"ref: refs/heads/master\" is not a valid GitHub commit ID"}
{"level":"info","ts":1572188268.452017,"logger":"fallback-logger","caller":"creds-init/main.go:40","msg":"Credentials initialized."}

Showing logs for build [32mmeta-seldonio-jenkins-x-seldon-lxxnk-6[0m stage [32mmeta-pipeline[0m and container [32mstep-working-dir-initializer-bzvnb[0m
{"level":"warn","ts":1572188269.491901,"logger":"fallback-logger","caller":"logging/config.go:69","msg":"Fetch GitHub commit ID from kodata failed: open /var/run/ko/HEAD: no such file or directory"}
{"level":"info","ts":1572188269.49397,"logger":"fallback-logger","caller":"bash/main.go:65","msg":"Successfully executed command \"mkdir -p /workspace/source\""}

Showing logs for build [32mmeta-seldonio-jenkins-x-seldon-lxxnk-6[0m stage [32mmeta-pipeline[0m and container [32mstep-place-tools[0m

Showing logs for build [32mmeta-seldonio-jenkins-x-seldon-lxxnk-6[0m stage [32mmeta-pipeline[0m and container [32mstep-git-source-meta-seldonio-jenkins-x-seldon-dxrlx[0m
{"level":"warn","ts":1572188275.559006,"logger":"fallback-logger","caller":"logging/config.go:69","msg":"Fetch GitHub commit ID from kodata failed: \"ref: refs/heads/master\" is not a valid GitHub commit ID"}
{"level":"info","ts":1572188278.3063605,"logger":"fallback-logger","caller":"git/git.go:102","msg":"Successfully cloned https://github.com/SeldonIO/jenkins-x-seldon-core-sandbox.git @ e466622114124863b522d152a28098b0275e7cc7 in path /workspace/source"}

Showing logs for build [32mmeta-seldonio-jenkins-x-seldon-lxxnk-6[0m stage [32mmeta-pipeline[0m and container [32mstep-git-merge[0m
Using SHAs from PULL_REFS=master:e466622114124863b522d152a28098b0275e7cc7
WARNING: no SHAs to merge, falling back to initial cloned commit

Showing logs for build [32mmeta-seldonio-jenkins-x-seldon-lxxnk-6[0m stage [32mmeta-pipeline[0m and container [32mstep-merge-pull-refs[0m
SKIP merge-pull-refs: Nothing to merge

Showing logs for build [32mmeta-seldonio-jenkins-x-seldon-lxxnk-6[0m stage [32mmeta-pipeline[0m and container [32mstep-create-effective-pipeline[0m
Effective pipeline written to jenkins-x-release-effective.yml

Showing logs for build [32mmeta-seldonio-jenkins-x-seldon-lxxnk-6[0m stage [32mmeta-pipeline[0m and container [32mstep-create-tekton-crds[0m
running command: ls /workspace/source/VERSION
ls: cannot access /workspace/source/VERSION: No such file or directory
error: failed to set the version on release pipelines: failed to run '/bin/sh -c ls /workspace/source/VERSION' command in directory '/workspace/source', output: ''
[31m
Pipeline failed on stage 'meta-pipeline' : container 'step-create-tekton-crds'. The execution of the pipeline has stopped.[0m
