
Showing logs for build [32mmeta-seldonio-jenkins-x-seldon-x564x-1[0m stage [32mmeta-pipeline[0m and container [32mstep-credential-initializer-zw9ds[0m
{"level":"warn","ts":1572646200.3093019,"logger":"fallback-logger","caller":"logging/config.go:69","msg":"Fetch GitHub commit ID from kodata failed: \"ref: refs/heads/master\" is not a valid GitHub commit ID"}
{"level":"info","ts":1572646200.3112712,"logger":"fallback-logger","caller":"creds-init/main.go:40","msg":"Credentials initialized."}

Showing logs for build [32mmeta-seldonio-jenkins-x-seldon-x564x-1[0m stage [32mmeta-pipeline[0m and container [32mstep-working-dir-initializer-8qgjr[0m
{"level":"warn","ts":1572646201.4262633,"logger":"fallback-logger","caller":"logging/config.go:69","msg":"Fetch GitHub commit ID from kodata failed: open /var/run/ko/HEAD: no such file or directory"}
{"level":"info","ts":1572646201.5438688,"logger":"fallback-logger","caller":"bash/main.go:65","msg":"Successfully executed command \"mkdir -p /workspace/source\""}

Showing logs for build [32mmeta-seldonio-jenkins-x-seldon-x564x-1[0m stage [32mmeta-pipeline[0m and container [32mstep-place-tools[0m

Showing logs for build [32mmeta-seldonio-jenkins-x-seldon-x564x-1[0m stage [32mmeta-pipeline[0m and container [32mstep-git-source-meta-seldonio-jenkins-x-seldon-rqzq2[0m
{"level":"warn","ts":1572646207.4065583,"logger":"fallback-logger","caller":"logging/config.go:69","msg":"Fetch GitHub commit ID from kodata failed: \"ref: refs/heads/master\" is not a valid GitHub commit ID"}
{"level":"info","ts":1572646210.9327953,"logger":"fallback-logger","caller":"git/git.go:102","msg":"Successfully cloned https://github.com/SeldonIO/jenkins-x-seldon-core-sandbox.git @ 502080afa4d88b5c3bc5a33a863220ee4f5a96e2 in path /workspace/source"}

Showing logs for build [32mmeta-seldonio-jenkins-x-seldon-x564x-1[0m stage [32mmeta-pipeline[0m and container [32mstep-git-merge[0m
Using SHAs from PULL_REFS=master:502080afa4d88b5c3bc5a33a863220ee4f5a96e2,16:b2f4b4703081456498b71702009fc21bdd132c82
DEBUG: ran git fetch --unshallow origin b2f4b4703081456498b71702009fc21bdd132c82: 502080afa4d88b5c3bc5a33a863220ee4f5a96e2: in 
DEBUG: ran git checkout master in 
DEBUG: ran git reset --hard 502080afa4d88b5c3bc5a33a863220ee4f5a96e2 in 
DEBUG: ran clean --force -d . in 
DEBUG: ran git merge b2f4b4703081456498b71702009fc21bdd132c82 in 
Merged SHA b2f4b4703081456498b71702009fc21bdd132c82 with commit message 'Bump pillow from 6.0.0 to 6.2.0 in /python' into base branch master

Showing logs for build [32mmeta-seldonio-jenkins-x-seldon-x564x-1[0m stage [32mmeta-pipeline[0m and container [32mstep-merge-pull-refs[0m
DEBUG: ran git fetch origin b2f4b4703081456498b71702009fc21bdd132c82: 502080afa4d88b5c3bc5a33a863220ee4f5a96e2: in 
DEBUG: Unshallowed git repo in 
DEBUG: ran git checkout master in 
DEBUG: ran git reset --hard 502080afa4d88b5c3bc5a33a863220ee4f5a96e2 in 
DEBUG: ran clean --force -d . in 
DEBUG: ran git merge b2f4b4703081456498b71702009fc21bdd132c82 in 
Merged SHA b2f4b4703081456498b71702009fc21bdd132c82 with commit message 'Bump pillow from 6.0.0 to 6.2.0 in /python' into base branch master

Showing logs for build [32mmeta-seldonio-jenkins-x-seldon-x564x-1[0m stage [32mmeta-pipeline[0m and container [32mstep-create-effective-pipeline[0m
Effective pipeline written to jenkins-x-pr-build-effective.yml

Showing logs for build [32mmeta-seldonio-jenkins-x-seldon-x564x-1[0m stage [32mmeta-pipeline[0m and container [32mstep-create-tekton-crds[0m
error: failed to generate Tekton CRDs: unable to extract the requested pipeline: no pipeline defined for kind pullrequest
[31m
Pipeline failed on stage 'meta-pipeline' : container 'step-create-tekton-crds'. The execution of the pipeline has stopped.[0m
